[franck-verardi-hypnotherapeute.fr/index.html]
[backblue.gif]
[fade.gif]
[index.html]
[kit.fontawesome.com/16cf00563b.js]
[cdn.jsdelivr.net/npm/bootstrap@5.1.3/dist/css/bootstrap.min.css]
[franck-verardi-hypnotherapeute.fr/style.css]
[franck-verardi-hypnotherapeute.fr/img/imagesc.ico]
[franck-verardi-hypnotherapeute.fr/contact/index.html]
[franck-verardi-hypnotherapeute.fr/img/mer.mp4]
[franck-verardi-hypnotherapeute.fr/img/hypno11c.jpg]
[franck-verardi-hypnotherapeute.fr/img/hypno12c.jpg]
[franck-verardi-hypnotherapeute.fr/img/hypno13c.jpg]
[franck-verardi-hypnotherapeute.fr/img/hypno14c.jpg]
[franck-verardi-hypnotherapeute.fr/img/hypno15c.jpg]
[franck-verardi-hypnotherapeute.fr/img/hypno16c.png]
[franck-verardi-hypnotherapeute.fr/img/sophro1c.jpg]
[franck-verardi-hypnotherapeute.fr/img/sophro2c.jpg]
[franck-verardi-hypnotherapeute.fr/img/sophro3c.jpg]
[franck-verardi-hypnotherapeute.fr/img/sophro4c.jpg]
[franck-verardi-hypnotherapeute.fr/img/sophro5c.jpg]
[franck-verardi-hypnotherapeute.fr/img/sophro6c.jpg]
[franck-verardi-hypnotherapeute.fr/img/faqrc.png]
[franck-verardi-hypnotherapeute.fr/img/relax.png]
[franck-verardi-hypnotherapeute.fr/img/hypno.jpg]
[franck-verardi-hypnotherapeute.fr/img/MaitrePrat.jpg]
[franck-verardi-hypnotherapeute.fr/img/sophro.png]
[cookie.eurowebpage.com/cookie599c.js]
[cdn.jsdelivr.net/npm/@popperjs/core@2.10.2/dist/umd/popper.min.js]
[cdn.jsdelivr.net/npm/bootstrap@5.1.3/dist/js/bootstrap.min.js]
[franck-verardi-hypnotherapeute.fr/main.js]
[franck-verardi-hypnotherapeute.fr/index.html]
[cdn.jsdelivr.net/npm/bootstrap@5.1.3/dist/css/bootstrap.min.css]
[franck-verardi-hypnotherapeute.fr/style.html]
[franck-verardi-hypnotherapeute.fr/img/sophro10rc.jpg]
[franck-verardi-hypnotherapeute.fr/img/sophro7rc.jpg]
[franck-verardi-hypnotherapeute.fr/img/sophro13rc.jpg]
[franck-verardi-hypnotherapeute.fr/img/sophro11rc.jpg]
[franck-verardi-hypnotherapeute.fr/img/free.jpg]
[franck-verardi-hypnotherapeute.fr/img/jetéec.jpg]
[franck-verardi-hypnotherapeute.fr/css/style.css]
[franck-verardi-hypnotherapeute.fr/img/images3.jpg]
[franck-verardi-hypnotherapeute.fr/img/site_logo.png]
[franck-verardi-hypnotherapeute.fr/index-2.html]
[franck-verardi-hypnotherapeute.fr/img/miltonrc.jpg]
[franck-verardi-hypnotherapeute.fr/contact/index.html]
[franck-verardi-hypnotherapeute.fr/img/jetéec.html]
[franck-verardi-hypnotherapeute.fr/contact/img/blue_merRc.jpg]
[franck-verardi-hypnotherapeute.fr/contact/css/style.css]
[franck-verardi-hypnotherapeute.fr/index-2.html]
